Loading OpenMPI/4.1.5-GCC-12.3.0
  Loading requirement: GCCcore/12.3.0 zlib/1.2.13-GCCcore-12.3.0
    binutils/2.40-GCCcore-12.3.0 GCC/12.3.0 numactl/2.0.16-GCCcore-12.3.0
    XZ/5.4.2-GCCcore-12.3.0 libxml2/2.11.4-GCCcore-12.3.0
    libpciaccess/0.17-GCCcore-12.3.0 hwloc/2.9.1-GCCcore-12.3.0 OpenSSL/1.1
    libevent/2.1.12-GCCcore-12.3.0 UCX/1.14.1-GCCcore-12.3.0
    libfabric/1.18.0-GCCcore-12.3.0 PMIx/4.2.4-GCCcore-12.3.0
    UCC/1.2.0-GCCcore-12.3.0
========================================
SLURM job  : 1506308
Node       : edu02
Binary     : bin/MPI/spmv_mpi_baseline
Matrix     : /home/ettore.miglioranza/GPU-Computing-2026-d2/Data/eu-2005/eu-2005.mtx
MPI ranks  : 2
GPUs       : NVIDIA L40S
NVIDIA L40S
========================================
Correctness: PASSED
Matrix: eu-2005  nrows=862664  ncols=862664  nnz=19235140  P=2
Scatter time (startup, rank 0): 0.2750 s

NNZ balance — min: 9608613  avg: 9617570  max: 9626527  imbalance: 0.19%

rank,matrix,P,local_nnz,local_rows,kernel_ms,comm_ms,comm_vol_MB,mem_MB,bandwidth_GBs,gflops
0,eu-2005,2,9608613,431332,0.2605,2.1958,3.45,120.48,596.8553,73.7789
1,eu-2005,2,9626527,431332,0.2614,2.1957,3.45,120.69,595.7177,73.6398

Wall-clock kernel time   (max across ranks): 0.2614 ms
Wall-clock Allgather time (max across ranks): 2.1958 ms
Total SpMV time (comm + compute):             2.4572 ms
Comm fraction:                                89.4%
Aggregate GFLOPs (2*NNZ/max_kernel_time):    147.1426

[speedup and efficiency computed in post-processing from P=1 baseline]
