Loading OpenMPI/4.1.5-GCC-12.3.0
  Loading requirement: GCCcore/12.3.0 zlib/1.2.13-GCCcore-12.3.0
    binutils/2.40-GCCcore-12.3.0 GCC/12.3.0 numactl/2.0.16-GCCcore-12.3.0
    XZ/5.4.2-GCCcore-12.3.0 libxml2/2.11.4-GCCcore-12.3.0
    libpciaccess/0.17-GCCcore-12.3.0 hwloc/2.9.1-GCCcore-12.3.0 OpenSSL/1.1
    libevent/2.1.12-GCCcore-12.3.0 UCX/1.14.1-GCCcore-12.3.0
    libfabric/1.18.0-GCCcore-12.3.0 PMIx/4.2.4-GCCcore-12.3.0
    UCC/1.2.0-GCCcore-12.3.0
========================================
SLURM job  : 1506302
Node       : edu02
Binary     : bin/MPI/spmv_mpi_baseline
Matrix     : /home/ettore.miglioranza/GPU-Computing-2026-d2/Data/rajat31/rajat31.mtx
MPI ranks  : 2
GPUs       : NVIDIA L40S
NVIDIA L40S
========================================
Correctness: PASSED
Matrix: rajat31  nrows=4690002  ncols=4690002  nnz=20316253  P=2
Scatter time (startup, rank 0): 0.2888 s

NNZ balance — min: 10157502  avg: 10158126  max: 10158751  imbalance: 0.01%

rank,matrix,P,local_nnz,local_rows,kernel_ms,comm_ms,comm_vol_MB,mem_MB,bandwidth_GBs,gflops
0,rajat31,2,10157502,2345001,0.2058,3.2975,18.76,150.03,835.1953,98.7027
1,rajat31,2,10158751,2345001,0.2054,3.2975,18.76,150.05,836.9111,98.9061

Wall-clock kernel time   (max across ranks): 0.2058 ms
Wall-clock Allgather time (max across ranks): 3.2975 ms
Total SpMV time (comm + compute):             3.5033 ms
Comm fraction:                                94.1%
Aggregate GFLOPs (2*NNZ/max_kernel_time):    197.4175

[speedup and efficiency computed in post-processing from P=1 baseline]
