Loading OpenMPI/4.1.5-GCC-12.3.0
  Loading requirement: GCCcore/12.3.0 zlib/1.2.13-GCCcore-12.3.0
    binutils/2.40-GCCcore-12.3.0 GCC/12.3.0 numactl/2.0.16-GCCcore-12.3.0
    XZ/5.4.2-GCCcore-12.3.0 libxml2/2.11.4-GCCcore-12.3.0
    libpciaccess/0.17-GCCcore-12.3.0 hwloc/2.9.1-GCCcore-12.3.0 OpenSSL/1.1
    libevent/2.1.12-GCCcore-12.3.0 UCX/1.14.1-GCCcore-12.3.0
    libfabric/1.18.0-GCCcore-12.3.0 PMIx/4.2.4-GCCcore-12.3.0
    UCC/1.2.0-GCCcore-12.3.0
========================================
SLURM job  : 1506303
Node       : edu01
Binary     : bin/MPI/spmv_mpi_baseline
Matrix     : /home/ettore.miglioranza/GPU-Computing-2026-d2/Data/rajat31/rajat31.mtx
MPI ranks  : 4
GPUs       : NVIDIA A30
NVIDIA A30
NVIDIA A30
NVIDIA A30
========================================
Correctness: PASSED
Matrix: rajat31  nrows=4690002  ncols=4690002  nnz=20316253  P=4
Scatter time (startup, rank 0): 0.4378 s

NNZ balance — min: 5078127  avg: 5079063  max: 5079377  imbalance: 0.02%

rank,matrix,P,local_nnz,local_rows,kernel_ms,comm_ms,comm_vol_MB,mem_MB,bandwidth_GBs,gflops
0,rajat31,4,5078127,1172501,0.1789,11.1551,18.76,84.39,480.4546,56.7794
1,rajat31,4,5079377,1172501,0.1811,11.1946,18.76,84.40,474.5893,56.0869
2,rajat31,4,5079375,1172500,0.1792,11.1939,18.76,84.40,479.7423,56.6959
3,rajat31,4,5079374,1172500,0.1803,11.1543,18.76,84.40,476.7452,56.3417

Wall-clock kernel time   (max across ranks): 0.1811 ms
Wall-clock Allgather time (max across ranks): 11.1946 ms
Total SpMV time (comm + compute):             11.3757 ms
Comm fraction:                                98.4%
Aggregate GFLOPs (2*NNZ/max_kernel_time):    224.3339

[speedup and efficiency computed in post-processing from P=1 baseline]
