Loading OpenMPI/4.1.5-GCC-12.3.0
  Loading requirement: GCCcore/12.3.0 zlib/1.2.13-GCCcore-12.3.0
    binutils/2.40-GCCcore-12.3.0 GCC/12.3.0 numactl/2.0.16-GCCcore-12.3.0
    XZ/5.4.2-GCCcore-12.3.0 libxml2/2.11.4-GCCcore-12.3.0
    libpciaccess/0.17-GCCcore-12.3.0 hwloc/2.9.1-GCCcore-12.3.0 OpenSSL/1.1
    libevent/2.1.12-GCCcore-12.3.0 UCX/1.14.1-GCCcore-12.3.0
    libfabric/1.18.0-GCCcore-12.3.0 PMIx/4.2.4-GCCcore-12.3.0
    UCC/1.2.0-GCCcore-12.3.0
========================================
SLURM job  : 1506294
Node       : edu01
Binary     : bin/MPI/spmv_mpi_baseline
Matrix     : /home/ettore.miglioranza/GPU-Computing-2026-d2/Data/Rucci1/Rucci1.mtx
MPI ranks  : 4
GPUs       : NVIDIA A30
NVIDIA A30
NVIDIA A30
NVIDIA A30
========================================
Correctness: PASSED
Matrix: Rucci1  nrows=1977885  ncols=109900  nnz=7791168  P=4
Scatter time (startup, rank 0): 0.1776 s

NNZ balance — min: 1947790  avg: 1947792  max: 1947794  imbalance: 0.00%

rank,matrix,P,local_nnz,local_rows,kernel_ms,comm_ms,comm_vol_MB,mem_MB,bandwidth_GBs,gflops
0,Rucci1,4,1947792,494472,0.0838,3.8073,0.44,25.79,395.3797,46.4730
1,Rucci1,4,1947794,494471,0.0831,3.8206,0.44,25.79,398.5937,46.8508
2,Rucci1,4,1947792,494471,0.0821,3.8066,0.44,25.79,403.5633,47.4349
3,Rucci1,4,1947790,494471,0.0831,3.8197,0.44,25.79,398.5929,46.8507

Wall-clock kernel time   (max across ranks): 0.0838 ms
Wall-clock Allgather time (max across ranks): 3.8206 ms
Total SpMV time (comm + compute):             3.9044 ms
Comm fraction:                                97.9%
Aggregate GFLOPs (2*NNZ/max_kernel_time):    185.8921

[speedup and efficiency computed in post-processing from P=1 baseline]
