Loading OpenMPI/4.1.5-GCC-12.3.0
  Loading requirement: GCCcore/12.3.0 zlib/1.2.13-GCCcore-12.3.0
    binutils/2.40-GCCcore-12.3.0 GCC/12.3.0 numactl/2.0.16-GCCcore-12.3.0
    XZ/5.4.2-GCCcore-12.3.0 libxml2/2.11.4-GCCcore-12.3.0
    libpciaccess/0.17-GCCcore-12.3.0 hwloc/2.9.1-GCCcore-12.3.0 OpenSSL/1.1
    libevent/2.1.12-GCCcore-12.3.0 UCX/1.14.1-GCCcore-12.3.0
    libfabric/1.18.0-GCCcore-12.3.0 PMIx/4.2.4-GCCcore-12.3.0
    UCC/1.2.0-GCCcore-12.3.0
========================================
SLURM job  : 1506314
Node       : edu02
Binary     : bin/MPI/spmv_mpi_baseline
Matrix     : /home/ettore.miglioranza/GPU-Computing-2026-d2/Data/hollywood-2009/hollywood-2009.mtx
MPI ranks  : 2
GPUs       : NVIDIA L40S
NVIDIA L40S
========================================
Correctness: PASSED
Matrix: hollywood-2009  nrows=1139905  ncols=1139905  nnz=113891327  P=2
Scatter time (startup, rank 0): 1.5378 s

NNZ balance — min: 56893802  avg: 56945664  max: 56997525  imbalance: 0.18%

rank,matrix,P,local_nnz,local_rows,kernel_ms,comm_ms,comm_vol_MB,mem_MB,bandwidth_GBs,gflops
0,hollywood-2009,2,56893802,569953,8.4395,2.8588,4.56,689.57,108.1315,13.4827
1,hollywood-2009,2,56997525,569952,8.4607,2.8588,4.56,690.81,108.0576,13.4735

Wall-clock kernel time   (max across ranks): 8.4607 ms
Wall-clock Allgather time (max across ranks): 2.8588 ms
Total SpMV time (comm + compute):             11.3195 ms
Comm fraction:                                25.3%
Aggregate GFLOPs (2*NNZ/max_kernel_time):    26.9225

[speedup and efficiency computed in post-processing from P=1 baseline]
