Loading OpenMPI/4.1.5-GCC-12.3.0
  Loading requirement: GCCcore/12.3.0 zlib/1.2.13-GCCcore-12.3.0
    binutils/2.40-GCCcore-12.3.0 GCC/12.3.0 numactl/2.0.16-GCCcore-12.3.0
    XZ/5.4.2-GCCcore-12.3.0 libxml2/2.11.4-GCCcore-12.3.0
    libpciaccess/0.17-GCCcore-12.3.0 hwloc/2.9.1-GCCcore-12.3.0 OpenSSL/1.1
    libevent/2.1.12-GCCcore-12.3.0 UCX/1.14.1-GCCcore-12.3.0
    libfabric/1.18.0-GCCcore-12.3.0 PMIx/4.2.4-GCCcore-12.3.0
    UCC/1.2.0-GCCcore-12.3.0
========================================
SLURM job  : 1506305
Node       : edu02
Binary     : bin/MPI/spmv_mpi_baseline
Matrix     : /home/ettore.miglioranza/GPU-Computing-2026-d2/Data/boyd2/boyd2.mtx
MPI ranks  : 2
GPUs       : NVIDIA L40S
NVIDIA L40S
========================================
Correctness: PASSED
Matrix: boyd2  nrows=466316  ncols=466316  nnz=1500397  P=2
Scatter time (startup, rank 0): 0.0265 s

NNZ balance — min: 744704  avg: 750198  max: 755693  imbalance: 1.46%

rank,matrix,P,local_nnz,local_rows,kernel_ms,comm_ms,comm_vol_MB,mem_MB,bandwidth_GBs,gflops
0,boyd2,2,744704,233158,0.1480,2.1260,1.87,11.73,86.8360,10.0666
1,boyd2,2,755693,233158,0.1480,2.1259,1.87,11.87,88.0171,10.2143

Wall-clock kernel time   (max across ranks): 0.1480 ms
Wall-clock Allgather time (max across ranks): 2.1260 ms
Total SpMV time (comm + compute):             2.2739 ms
Comm fraction:                                93.5%
Aggregate GFLOPs (2*NNZ/max_kernel_time):    20.2800

[speedup and efficiency computed in post-processing from P=1 baseline]
