Loading OpenMPI/4.1.5-GCC-12.3.0
  Loading requirement: GCCcore/12.3.0 zlib/1.2.13-GCCcore-12.3.0
    binutils/2.40-GCCcore-12.3.0 GCC/12.3.0 numactl/2.0.16-GCCcore-12.3.0
    XZ/5.4.2-GCCcore-12.3.0 libxml2/2.11.4-GCCcore-12.3.0
    libpciaccess/0.17-GCCcore-12.3.0 hwloc/2.9.1-GCCcore-12.3.0 OpenSSL/1.1
    libevent/2.1.12-GCCcore-12.3.0 UCX/1.14.1-GCCcore-12.3.0
    libfabric/1.18.0-GCCcore-12.3.0 PMIx/4.2.4-GCCcore-12.3.0
    UCC/1.2.0-GCCcore-12.3.0
========================================
SLURM job  : 1506300
Node       : edu01
Binary     : bin/MPI/spmv_mpi_baseline
Matrix     : /home/ettore.miglioranza/GPU-Computing-2026-d2/Data/ASIC_680ks/ASIC_680ks.mtx
MPI ranks  : 4
GPUs       : NVIDIA A30
NVIDIA A30
NVIDIA A30
NVIDIA A30
========================================
Correctness: PASSED
Matrix: ASIC_680ks  nrows=682712  ncols=682712  nnz=2329176  P=4
Scatter time (startup, rank 0): 0.0625 s

NNZ balance — min: 581628  avg: 582294  max: 583088  imbalance: 0.25%

rank,matrix,P,local_nnz,local_rows,kernel_ms,comm_ms,comm_vol_MB,mem_MB,bandwidth_GBs,gflops
0,ASIC_680ks,4,582785,170678,0.0391,9.8697,2.73,10.41,256.0987,29.8284
1,ASIC_680ks,4,581675,170678,0.0390,13.0964,2.73,10.39,256.4507,29.8655
2,ASIC_680ks,4,583088,170678,0.0380,12.9565,2.73,10.41,263.6856,30.7132
3,ASIC_680ks,4,581628,170678,0.0391,9.8670,2.73,10.39,255.6250,29.7692

Wall-clock kernel time   (max across ranks): 0.0391 ms
Wall-clock Allgather time (max across ranks): 13.0964 ms
Total SpMV time (comm + compute):             13.1355 ms
Comm fraction:                                99.7%
Aggregate GFLOPs (2*NNZ/max_kernel_time):    119.2131

[speedup and efficiency computed in post-processing from P=1 baseline]
