Loading OpenMPI/4.1.5-GCC-12.3.0
  Loading requirement: GCCcore/12.3.0 zlib/1.2.13-GCCcore-12.3.0
    binutils/2.40-GCCcore-12.3.0 GCC/12.3.0 numactl/2.0.16-GCCcore-12.3.0
    XZ/5.4.2-GCCcore-12.3.0 libxml2/2.11.4-GCCcore-12.3.0
    libpciaccess/0.17-GCCcore-12.3.0 hwloc/2.9.1-GCCcore-12.3.0 OpenSSL/1.1
    libevent/2.1.12-GCCcore-12.3.0 UCX/1.14.1-GCCcore-12.3.0
    libfabric/1.18.0-GCCcore-12.3.0 PMIx/4.2.4-GCCcore-12.3.0
    UCC/1.2.0-GCCcore-12.3.0
========================================
SLURM job  : 1506288
Node       : edu01
Binary     : bin/MPI/spmv_mpi_baseline
Matrix     : /home/ettore.miglioranza/GPU-Computing-2026-d2/Data/bone010/bone010.mtx
MPI ranks  : 4
GPUs       : NVIDIA A30
NVIDIA A30
NVIDIA A30
NVIDIA A30
========================================
Correctness: PASSED
Matrix: bone010  nrows=986703  ncols=986703  nnz=71666325  P=4
Scatter time (startup, rank 0): 1.5097 s

NNZ balance — min: 17913681  avg: 17916581  max: 17919294  imbalance: 0.03%

rank,matrix,P,local_nnz,local_rows,kernel_ms,comm_ms,comm_vol_MB,mem_MB,bandwidth_GBs,gflops
0,bone010,4,17915988,246676,2.9108,5.1052,3.95,219.93,98.8190,12.3100
1,bone010,4,17913681,246676,2.9279,5.0994,3.95,219.90,98.2306,12.2367
2,bone010,4,17917362,246676,2.9270,5.0997,3.95,219.94,98.2782,12.2426
3,bone010,4,17919294,246675,3.0039,5.1040,3.95,219.97,95.7732,11.9306

Wall-clock kernel time   (max across ranks): 3.0039 ms
Wall-clock Allgather time (max across ranks): 5.1052 ms
Total SpMV time (comm + compute):             8.1091 ms
Comm fraction:                                63.0%
Aggregate GFLOPs (2*NNZ/max_kernel_time):    47.7151

[speedup and efficiency computed in post-processing from P=1 baseline]
