Loading OpenMPI/4.1.5-GCC-12.3.0
  Loading requirement: GCCcore/12.3.0 zlib/1.2.13-GCCcore-12.3.0
    binutils/2.40-GCCcore-12.3.0 GCC/12.3.0 numactl/2.0.16-GCCcore-12.3.0
    XZ/5.4.2-GCCcore-12.3.0 libxml2/2.11.4-GCCcore-12.3.0
    libpciaccess/0.17-GCCcore-12.3.0 hwloc/2.9.1-GCCcore-12.3.0 OpenSSL/1.1
    libevent/2.1.12-GCCcore-12.3.0 UCX/1.14.1-GCCcore-12.3.0
    libfabric/1.18.0-GCCcore-12.3.0 PMIx/4.2.4-GCCcore-12.3.0
    UCC/1.2.0-GCCcore-12.3.0
========================================
SLURM job  : 1506297
Node       : edu01
Binary     : bin/MPI/spmv_mpi_baseline
Matrix     : /home/ettore.miglioranza/GPU-Computing-2026-d2/Data/nlpkkt80/nlpkkt80.mtx
MPI ranks  : 4
GPUs       : NVIDIA A30
NVIDIA A30
NVIDIA A30
NVIDIA A30
========================================
Correctness: PASSED
Matrix: nlpkkt80  nrows=1062400  ncols=1062400  nnz=28704672  P=4
Scatter time (startup, rank 0): 0.6098 s

NNZ balance — min: 7175216  avg: 7176168  max: 7177120  imbalance: 0.03%

rank,matrix,P,local_nnz,local_rows,kernel_ms,comm_ms,comm_vol_MB,mem_MB,bandwidth_GBs,gflops
0,nlpkkt80,4,7175216,265600,0.7232,5.2096,4.25,91.41,160.2059,19.8421
1,nlpkkt80,4,7177120,265600,0.7340,5.2987,4.25,91.44,157.9006,19.5566
2,nlpkkt80,4,7177120,265600,0.7170,5.2984,4.25,91.44,161.6303,20.0186
3,nlpkkt80,4,7175216,265600,0.7278,5.2084,4.25,91.41,159.2006,19.7176

Wall-clock kernel time   (max across ranks): 0.7340 ms
Wall-clock Allgather time (max across ranks): 5.2987 ms
Total SpMV time (comm + compute):             6.0327 ms
Comm fraction:                                87.8%
Aggregate GFLOPs (2*NNZ/max_kernel_time):    78.2162

[speedup and efficiency computed in post-processing from P=1 baseline]
