Loading OpenMPI/4.1.5-GCC-12.3.0
  Loading requirement: GCCcore/12.3.0 zlib/1.2.13-GCCcore-12.3.0
    binutils/2.40-GCCcore-12.3.0 GCC/12.3.0 numactl/2.0.16-GCCcore-12.3.0
    XZ/5.4.2-GCCcore-12.3.0 libxml2/2.11.4-GCCcore-12.3.0
    libpciaccess/0.17-GCCcore-12.3.0 hwloc/2.9.1-GCCcore-12.3.0 OpenSSL/1.1
    libevent/2.1.12-GCCcore-12.3.0 UCX/1.14.1-GCCcore-12.3.0
    libfabric/1.18.0-GCCcore-12.3.0 PMIx/4.2.4-GCCcore-12.3.0
    UCC/1.2.0-GCCcore-12.3.0
========================================
SLURM job  : 1506311
Node       : edu01
Binary     : bin/MPI/spmv_mpi_baseline
Matrix     : /home/ettore.miglioranza/GPU-Computing-2026-d2/Data/webbase-1M/webbase-1M.mtx
MPI ranks  : 2
GPUs       : NVIDIA A30
NVIDIA A30
========================================
Correctness: PASSED
Matrix: webbase-1M  nrows=1000005  ncols=1000005  nnz=3105536  P=2
Scatter time (startup, rank 0): 0.0683 s

NNZ balance — min: 1540872  avg: 1552768  max: 1564664  imbalance: 1.53%

rank,matrix,P,local_nnz,local_rows,kernel_ms,comm_ms,comm_vol_MB,mem_MB,bandwidth_GBs,gflops
0,webbase-1M,2,1540872,500003,0.1730,3.1260,4.00,24.49,154.0740,17.8141
1,webbase-1M,2,1564664,500002,0.2126,3.1261,4.00,24.78,127.1847,14.7220

Wall-clock kernel time   (max across ranks): 0.2126 ms
Wall-clock Allgather time (max across ranks): 3.1261 ms
Total SpMV time (comm + compute):             3.3387 ms
Comm fraction:                                93.6%
Aggregate GFLOPs (2*NNZ/max_kernel_time):    29.2201

[speedup and efficiency computed in post-processing from P=1 baseline]
