Loading OpenMPI/4.1.5-GCC-12.3.0
  Loading requirement: GCCcore/12.3.0 zlib/1.2.13-GCCcore-12.3.0
    binutils/2.40-GCCcore-12.3.0 GCC/12.3.0 numactl/2.0.16-GCCcore-12.3.0
    XZ/5.4.2-GCCcore-12.3.0 libxml2/2.11.4-GCCcore-12.3.0
    libpciaccess/0.17-GCCcore-12.3.0 hwloc/2.9.1-GCCcore-12.3.0 OpenSSL/1.1
    libevent/2.1.12-GCCcore-12.3.0 UCX/1.14.1-GCCcore-12.3.0
    libfabric/1.18.0-GCCcore-12.3.0 PMIx/4.2.4-GCCcore-12.3.0
    UCC/1.2.0-GCCcore-12.3.0
========================================
SLURM job  : 1506298
Node       : edu02
Binary     : bin/MPI/spmv_mpi_baseline
Matrix     : /home/ettore.miglioranza/GPU-Computing-2026-d2/Data/ASIC_680ks/ASIC_680ks.mtx
MPI ranks  : 1
GPUs       : NVIDIA L40S
========================================
Correctness: PASSED
Matrix: ASIC_680ks  nrows=682712  ncols=682712  nnz=2329176  P=1
Scatter time (startup, rank 0): 0.0245 s

NNZ balance — min: 2329176  avg: 2329176  max: 2329176  imbalance: 0.00%

rank,matrix,P,local_nnz,local_rows,kernel_ms,comm_ms,comm_vol_MB,mem_MB,bandwidth_GBs,gflops
0,ASIC_680ks,1,2329176,682712,0.0262,0.0000,2.73,33.41,1525.6036,177.6803

Wall-clock kernel time   (max across ranks): 0.0262 ms
Wall-clock Allgather time (max across ranks): 0.0000 ms
Total SpMV time (comm + compute):             0.0263 ms
Comm fraction:                                0.1%
Aggregate GFLOPs (2*NNZ/max_kernel_time):    177.6803

[speedup and efficiency computed in post-processing from P=1 baseline]
