Loading OpenMPI/4.1.5-GCC-12.3.0
  Loading requirement: GCCcore/12.3.0 zlib/1.2.13-GCCcore-12.3.0
    binutils/2.40-GCCcore-12.3.0 GCC/12.3.0 numactl/2.0.16-GCCcore-12.3.0
    XZ/5.4.2-GCCcore-12.3.0 libxml2/2.11.4-GCCcore-12.3.0
    libpciaccess/0.17-GCCcore-12.3.0 hwloc/2.9.1-GCCcore-12.3.0 OpenSSL/1.1
    libevent/2.1.12-GCCcore-12.3.0 UCX/1.14.1-GCCcore-12.3.0
    libfabric/1.18.0-GCCcore-12.3.0 PMIx/4.2.4-GCCcore-12.3.0
    UCC/1.2.0-GCCcore-12.3.0
========================================
SLURM job  : 1506299
Node       : edu02
Binary     : bin/MPI/spmv_mpi_baseline
Matrix     : /home/ettore.miglioranza/GPU-Computing-2026-d2/Data/ASIC_680ks/ASIC_680ks.mtx
MPI ranks  : 2
GPUs       : NVIDIA L40S
NVIDIA L40S
========================================
Correctness: PASSED
Matrix: ASIC_680ks  nrows=682712  ncols=682712  nnz=2329176  P=2
Scatter time (startup, rank 0): 0.0382 s

NNZ balance — min: 1163303  avg: 1164588  max: 1165873  imbalance: 0.22%

rank,matrix,P,local_nnz,local_rows,kernel_ms,comm_ms,comm_vol_MB,mem_MB,bandwidth_GBs,gflops
0,ASIC_680ks,2,1165873,341356,0.0194,2.0716,2.73,18.09,1033.7861,120.4096
1,ASIC_680ks,2,1163303,341356,0.0196,2.0716,2.73,18.06,1019.6326,118.7432

Wall-clock kernel time   (max across ranks): 0.0196 ms
Wall-clock Allgather time (max across ranks): 2.0716 ms
Total SpMV time (comm + compute):             2.0912 ms
Comm fraction:                                99.1%
Aggregate GFLOPs (2*NNZ/max_kernel_time):    237.7487

[speedup and efficiency computed in post-processing from P=1 baseline]
