Loading OpenMPI/4.1.5-GCC-12.3.0
  Loading requirement: GCCcore/12.3.0 zlib/1.2.13-GCCcore-12.3.0
    binutils/2.40-GCCcore-12.3.0 GCC/12.3.0 numactl/2.0.16-GCCcore-12.3.0
    XZ/5.4.2-GCCcore-12.3.0 libxml2/2.11.4-GCCcore-12.3.0
    libpciaccess/0.17-GCCcore-12.3.0 hwloc/2.9.1-GCCcore-12.3.0 OpenSSL/1.1
    libevent/2.1.12-GCCcore-12.3.0 UCX/1.14.1-GCCcore-12.3.0
    libfabric/1.18.0-GCCcore-12.3.0 PMIx/4.2.4-GCCcore-12.3.0
    UCC/1.2.0-GCCcore-12.3.0
========================================
SLURM job  : 1506290
Node       : edu02
Binary     : bin/MPI/spmv_mpi_baseline
Matrix     : /home/ettore.miglioranza/GPU-Computing-2026-d2/Data/ldoor/ldoor.mtx
MPI ranks  : 2
GPUs       : NVIDIA L40S
NVIDIA L40S
========================================
Correctness: PASSED
Matrix: ldoor  nrows=952203  ncols=952203  nnz=46522475  P=2
Scatter time (startup, rank 0): 0.6536 s

NNZ balance — min: 23255832  avg: 23261238  max: 23266643  imbalance: 0.05%

rank,matrix,P,local_nnz,local_rows,kernel_ms,comm_ms,comm_vol_MB,mem_MB,bandwidth_GBs,gflops
0,ldoor,2,23266643,476102,0.7231,2.1342,3.81,284.91,517.4219,64.3485
1,ldoor,2,23255832,476101,0.7218,2.1341,3.81,284.78,518.1342,64.4370

Wall-clock kernel time   (max across ranks): 0.7231 ms
Wall-clock Allgather time (max across ranks): 2.1342 ms
Total SpMV time (comm + compute):             2.8573 ms
Comm fraction:                                74.7%
Aggregate GFLOPs (2*NNZ/max_kernel_time):    128.6672

[speedup and efficiency computed in post-processing from P=1 baseline]
