Loading OpenMPI/4.1.5-GCC-12.3.0
  Loading requirement: GCCcore/12.3.0 zlib/1.2.13-GCCcore-12.3.0
    binutils/2.40-GCCcore-12.3.0 GCC/12.3.0 numactl/2.0.16-GCCcore-12.3.0
    XZ/5.4.2-GCCcore-12.3.0 libxml2/2.11.4-GCCcore-12.3.0
    libpciaccess/0.17-GCCcore-12.3.0 hwloc/2.9.1-GCCcore-12.3.0 OpenSSL/1.1
    libevent/2.1.12-GCCcore-12.3.0 UCX/1.14.1-GCCcore-12.3.0
    libfabric/1.18.0-GCCcore-12.3.0 PMIx/4.2.4-GCCcore-12.3.0
    UCC/1.2.0-GCCcore-12.3.0
========================================
SLURM job  : 1506291
Node       : edu01
Binary     : bin/MPI/spmv_mpi_baseline
Matrix     : /home/ettore.miglioranza/GPU-Computing-2026-d2/Data/ldoor/ldoor.mtx
MPI ranks  : 4
GPUs       : NVIDIA A30
NVIDIA A30
NVIDIA A30
NVIDIA A30
========================================
Correctness: PASSED
Matrix: ldoor  nrows=952203  ncols=952203  nnz=46522475  P=4
Scatter time (startup, rank 0): 0.9850 s

NNZ balance — min: 11627004  avg: 11630619  max: 11634025  imbalance: 0.06%

rank,matrix,P,local_nnz,local_rows,kernel_ms,comm_ms,comm_vol_MB,mem_MB,bandwidth_GBs,gflops
0,ldoor,4,11632618,238051,1.5985,5.0917,3.81,144.35,117.0322,14.5546
1,ldoor,4,11627004,238051,1.6188,5.1639,3.81,144.29,115.5108,14.3653
2,ldoor,4,11634025,238051,1.5736,5.1632,3.81,144.37,118.9002,14.7869
3,ldoor,4,11628828,238050,1.6134,5.0908,3.81,144.31,115.9145,14.4155

Wall-clock kernel time   (max across ranks): 1.6188 ms
Wall-clock Allgather time (max across ranks): 5.1639 ms
Total SpMV time (comm + compute):             6.7827 ms
Comm fraction:                                76.1%
Aggregate GFLOPs (2*NNZ/max_kernel_time):    57.4792

[speedup and efficiency computed in post-processing from P=1 baseline]
